\BOOKMARK [1][-]{tableofcontents.1}{Inhaltsverzeichnis}{}% 1
\BOOKMARK [1][-]{section.0}{Einleitung}{}% 2
\BOOKMARK [1][-]{section.1}{Anwenderdokumentation}{}% 3
\BOOKMARK [2][-]{subsection.1.1}{Paketinstallation}{section.1}% 4
\BOOKMARK [3][-]{subsubsection.1.1.1}{Vorbereitung}{subsection.1.1}% 5
\BOOKMARK [3][-]{subsubsection.1.1.2}{Installation}{subsection.1.1}% 6
\BOOKMARK [2][-]{subsection.1.2}{Grundlagen}{section.1}% 7
\BOOKMARK [2][-]{subsection.1.3}{Fehler beheben}{section.1}% 8
\BOOKMARK [3][-]{subsubsection.1.3.1}{Backups}{subsection.1.3}% 9
\BOOKMARK [3][-]{subsubsection.1.3.2}{Datenbankeintr\344ge}{subsection.1.3}% 10
\BOOKMARK [3][-]{subsubsection.1.3.3}{Auskommentieren}{subsection.1.3}% 11
\BOOKMARK [2][-]{subsection.1.4}{Fehler in der Literaturdatenbank}{section.1}% 12
\BOOKMARK [2][-]{subsection.1.5}{Paketoptionen}{section.1}% 13
\BOOKMARK [3][-]{subsubsection.1.5.1}{Die en-Option}{subsection.1.5}% 14
\BOOKMARK [3][-]{subsubsection.1.5.2}{Die nat-Option}{subsection.1.5}% 15
\BOOKMARK [3][-]{subsubsection.1.5.3}{Die ngerman-Option}{subsection.1.5}% 16
\BOOKMARK [3][-]{subsubsection.1.5.4}{Randnotizen-Optionen}{subsection.1.5}% 17
\BOOKMARK [3][-]{subsubsection.1.5.5}{Die xlevel-Option}{subsection.1.5}% 18
\BOOKMARK [3][-]{subsubsection.1.5.6}{Die partmarking-Option}{subsection.1.5}% 19
\BOOKMARK [3][-]{subsubsection.1.5.7}{Die hyperref-Option}{subsection.1.5}% 20
\BOOKMARK [2][-]{subsection.1.6}{Zusatzbefehle}{section.1}% 21
\BOOKMARK [3][-]{subsubsection.1.6.1}{Die Einleitung}{subsection.1.6}% 22
\BOOKMARK [3][-]{subsubsection.1.6.2}{Das Abk\374rzungsverzeichnis}{subsection.1.6}% 23
\BOOKMARK [3][-]{subsubsection.1.6.3}{wisealpha/wisenat Zitate}{subsection.1.6}% 24
\BOOKMARK [2][-]{subsection.1.7}{Umgebungen}{section.1}% 25
\BOOKMARK [3][-]{subsubsection.1.7.1}{Die preface-Umgebung}{subsection.1.7}% 26
\BOOKMARK [3][-]{subsubsection.1.7.2}{Die abstract-Umgebung}{subsection.1.7}% 27
\BOOKMARK [3][-]{subsubsection.1.7.3}{Die appendix-Umgebung}{subsection.1.7}% 28
\BOOKMARK [2][-]{subsection.1.8}{Textbausteine}{section.1}% 29
\BOOKMARK [3][-]{subsubsection.1.8.1}{Deckblatt f\374r Doktorarbeiten}{subsection.1.8}% 30
\BOOKMARK [3][-]{subsubsection.1.8.2}{Deckblatt f\374r Diplomarbeiten}{subsection.1.8}% 31
\BOOKMARK [3][-]{subsubsection.1.8.3}{Deckblatt f\374r Bachelor-Arbeiten}{subsection.1.8}% 32
\BOOKMARK [3][-]{subsubsection.1.8.4}{Deckblatt f\374r Master-Arbeiten}{subsection.1.8}% 33
\BOOKMARK [3][-]{subsubsection.1.8.5}{Deckblatt f\374r Seminararbeiten}{subsection.1.8}% 34
\BOOKMARK [3][-]{subsubsection.1.8.6}{Deckblatt f\374r Projektarbeiten}{subsection.1.8}% 35
\BOOKMARK [3][-]{subsubsection.1.8.7}{Sonstige Dokumente}{subsection.1.8}% 36
\BOOKMARK [2][-]{subsection.1.9}{Nutzen der Literaturvorlage}{section.1}% 37
\BOOKMARK [1][-]{section.2}{Entwicklerdokumentation}{}% 38
\BOOKMARK [2][-]{subsection.2.1}{Paketbeschreibung}{section.2}% 39
\BOOKMARK [3][-]{subsubsection.2.1.1}{Gliederung}{subsection.2.1}% 40
\BOOKMARK [3][-]{subsubsection.2.1.2}{Grundlagen}{subsection.2.1}% 41
\BOOKMARK [3][-]{subsubsection.2.1.3}{Die hyperref-Option}{subsection.2.1}% 42
\BOOKMARK [3][-]{subsubsection.2.1.4}{Die pdf-Option}{subsection.2.1}% 43
\BOOKMARK [3][-]{subsubsection.2.1.5}{Interne Befehle}{subsection.2.1}% 44
\BOOKMARK [3][-]{subsubsection.2.1.6}{Redefinierte Befehle}{subsection.2.1}% 45
\BOOKMARK [3][-]{subsubsection.2.1.7}{Redefinierte Umgebungen}{subsection.2.1}% 46
\BOOKMARK [2][-]{subsection.2.2}{Literaturvorlage}{section.2}% 47
\BOOKMARK [1][-]{subsection.2.2}{Anh\344nge}{}% 48
\BOOKMARK [1][-]{appendix.A}{Dissertationstitel}{}% 49
\BOOKMARK [1][-]{appendix.B}{Diplomarbeitstitel}{}% 50
\BOOKMARK [1][-]{appendix.C}{Bachelor-Arbeitstitel}{}% 51
\BOOKMARK [1][-]{appendix.D}{Master-Arbeitstitel}{}% 52
\BOOKMARK [1][-]{appendix.E}{Seminararbeitstitel}{}% 53
\BOOKMARK [1][-]{appendix.F}{Projektarbeitstitel}{}% 54
\BOOKMARK [1][-]{appendix.G}{Arbeitspapiertitel}{}% 55
