\BOOKMARK [1][-]{section.0}{Einleitung}{}% 1
\BOOKMARK [1][-]{section.1}{Zitierbefehle}{}% 2
\BOOKMARK [1][-]{section.2}{Entry Types und Felder}{}% 3
\BOOKMARK [2][-]{subsection.2.1}{Felder}{section.2}% 4
\BOOKMARK [2][-]{subsection.2.2}{Entry-Types}{section.2}% 5
\BOOKMARK [2][-]{subsection.2.3}{Beispieleintr\344ge und Pflichfelder}{section.2}% 6
\BOOKMARK [1][-]{section.3}{BibTeX Zeichenkodierung und allg. Hinweise}{}% 7
\BOOKMARK [2][-]{subsection.3.1}{Zeichensatz}{section.3}% 8
\BOOKMARK [3][-]{subsubsection.3.1.1}{Zeichenkodierung}{subsection.3.1}% 9
\BOOKMARK [3][-]{subsubsection.3.1.2}{Sonderzeichen}{subsection.3.1}% 10
\BOOKMARK [2][-]{subsection.3.2}{Allgemeine Hinweise}{section.3}% 11
\BOOKMARK [3][-]{subsubsection.3.2.1}{Mehrere Autoren zitieren}{subsection.3.2}% 12
\BOOKMARK [3][-]{subsubsection.3.2.2}{Erfassen von Medien und MISC \(miscellaneous\)}{subsection.3.2}% 13
\BOOKMARK [3][-]{subsubsection.3.2.3}{Auflagevermerke}{subsection.3.2}% 14
\BOOKMARK [3][-]{subsubsection.3.2.4}{wissenschaftl. Arbeiten zitieren}{subsection.3.2}% 15
\BOOKMARK [3][-]{subsubsection.3.2.5}{Ver\366ffentlichungen einer Institution}{subsection.3.2}% 16
\BOOKMARK [3][-]{subsubsection.3.2.6}{Interpunktion \205 direktes/indirektes Zitieren}{subsection.3.2}% 17
\BOOKMARK [1][-]{section*.2}{Tabellenverzeichnis}{}% 18
\BOOKMARK [1][-]{section*.3}{Abk\374rzungsverzeichnis}{}% 19
\BOOKMARK [1][-]{section*.4}{Literaturverzeichnis}{}% 20
